  Using 'git status' to determine working set for adaptive non-unity build (C:\Users\KIWe\Projects\GGJ\2021\GGJ21).
  Creating makefile for LateForWorkEditor (no existing makefile)
  Building LateForWorkEditor...
  Using Visual Studio 2019 14.28.29335 toolchain (C:\Program Files (x86)\Microsoft Visual Studio\2019\Community\VC\Tools\MSVC\14.28.29333) and Windows 10.0.18362.0 SDK (C:\Program Files (x86)\Windows Kits\10).
  Building 12 actions with 4 processes...
    [1/12] SharedPCH.Engine.ShadowErrors.cpp
    [2/12] LateForWorkGameMode.cpp
    [3/12] LateForWorkPlayerController.gen.cpp
    [4/12] LateForWorkCharacter.gen.cpp
    [5/12] LateForWork.cpp
    [6/12] LateForWorkCharacter.cpp
    [7/12] LateForWorkGameMode.gen.cpp
    [8/12] LateForWorkPlayerController.cpp
    [9/12] LateForWork.init.gen.cpp
    [10/12] UE4Editor-LateForWork.lib
       Creating library C:\Users\KIWe\Projects\GGJ\2021\GGJ21\LateForWork\Intermediate\Build\Win64\UE4Editor\Development\LateForWork\UE4Editor-LateForWork.lib and object C:\Users\KIWe\Projects\GGJ\2021\GGJ21\LateForWork\Intermediate\Build\Win64\UE4Editor\Development\LateForWork\UE4Editor-LateForWork.exp
    [11/12] UE4Editor-LateForWork.dll
       Creating library C:\Users\KIWe\Projects\GGJ\2021\GGJ21\LateForWork\Intermediate\Build\Win64\UE4Editor\Development\LateForWork\UE4Editor-LateForWork.suppressed.lib and object C:\Users\KIWe\Projects\GGJ\2021\GGJ21\LateForWork\Intermediate\Build\Win64\UE4Editor\Development\LateForWork\UE4Editor-LateForWork.suppressed.exp
    [12/12] LateForWorkEditor.target
EXEC : warning : Unable to read 'C:\Users\KIWe\Projects\GGJ\2021\GGJ21\LateForWork\Binaries\Win64\UE4Editor.modules'; ignoring.
  Total time in Parallel executor: 78.63 seconds
  Total execution time: 81.37 seconds
